2025-06-22 11:01:48,427 - INFO - [in d:\vs code\TN4_old\TN4\src\app.py:106] Start: GF-CICO
2025-06-22 11:01:50,825 - INFO - [in d:\vs code\TN4_old\TN4\src\app.py:106] Start: GF-CICO
2025-06-22 11:01:55,840 - ERROR - [in d:\vs code\TN4_old\TN4\src\app.py:290] MQTT Loop Error: timed out
2025-06-22 11:40:01,713 - INFO - [in d:\vs code\TN4_old\TN4\src\app.py:106] Start: GF-CICO
2025-06-22 11:40:03,488 - INFO - [in d:\vs code\TN4_old\TN4\src\app.py:106] Start: GF-CICO
2025-06-22 12:16:59,417 - INFO - [in d:\vs code\TN4_old\TN4\src\app.py:109] Start: GF-CICO
2025-06-22 12:18:26,617 - INFO - [in d:\vs code\TN4_old\TN4\src\app.py:109] Start: GF-CICO
2025-06-22 12:18:28,441 - INFO - [in d:\vs code\TN4_old\TN4\src\app.py:109] Start: GF-CICO
2025-06-22 12:20:32,329 - INFO - [in d:\vs code\TN4_old\TN4\src\app.py:109] Start: GF-CICO
2025-06-22 12:20:34,149 - INFO - [in d:\vs code\TN4_old\TN4\src\app.py:109] Start: GF-CICO
2025-06-22 12:49:52,631 - INFO - [in d:\vs code\TN4_old\TN4\src\app.py:108] Start: GF-CICO
2025-06-22 12:49:52,717 - INFO - [in d:\vs code\TN4_old\TN4\src\app.py:349] Checked device status: Online = 2, Offline = 0, Total = 2
2025-06-22 12:49:53,119 - INFO - [in d:\vs code\TN4_old\TN4\src\app.py:59] Client connected. Total: 1
2025-06-22 12:50:12,076 - INFO - [in d:\vs code\TN4_old\TN4\src\app.py:108] Start: GF-CICO
2025-06-22 12:50:12,127 - INFO - [in d:\vs code\TN4_old\TN4\src\app.py:349] Checked device status: Online = 2, Offline = 0, Total = 2
2025-06-22 12:50:13,845 - INFO - [in d:\vs code\TN4_old\TN4\src\app.py:108] Start: GF-CICO
2025-06-22 12:50:13,916 - INFO - [in d:\vs code\TN4_old\TN4\src\app.py:349] Checked device status: Online = 2, Offline = 0, Total = 2
2025-06-22 12:50:15,869 - INFO - [in d:\vs code\TN4_old\TN4\src\app.py:59] Client connected. Total: 1
2025-06-22 12:50:28,574 - INFO - [in d:\vs code\TN4_old\TN4\src\app.py:66] Client disconnected. Total: 0
2025-06-22 12:50:29,073 - INFO - [in d:\vs code\TN4_old\TN4\src\app.py:59] Client connected. Total: 1
2025-06-22 12:55:12,139 - INFO - [in d:\vs code\TN4_old\TN4\src\app.py:349] Checked device status: Online = 2, Offline = 0, Total = 2
2025-06-22 12:55:13,923 - INFO - [in d:\vs code\TN4_old\TN4\src\app.py:349] Checked device status: Online = 2, Offline = 0, Total = 2
2025-06-22 13:00:12,416 - INFO - [in d:\vs code\TN4_old\TN4\src\app.py:349] Checked device status: Online = 2, Offline = 0, Total = 2
2025-06-22 13:00:13,962 - INFO - [in d:\vs code\TN4_old\TN4\src\app.py:349] Checked device status: Online = 2, Offline = 0, Total = 2
2025-06-22 13:05:12,423 - INFO - [in d:\vs code\TN4_old\TN4\src\app.py:349] Checked device status: Online = 2, Offline = 0, Total = 2
2025-06-22 13:05:13,971 - INFO - [in d:\vs code\TN4_old\TN4\src\app.py:349] Checked device status: Online = 2, Offline = 0, Total = 2
2025-06-22 13:10:12,686 - INFO - [in d:\vs code\TN4_old\TN4\src\app.py:349] Checked device status: Online = 2, Offline = 0, Total = 2
2025-06-22 13:10:13,997 - INFO - [in d:\vs code\TN4_old\TN4\src\app.py:349] Checked device status: Online = 2, Offline = 0, Total = 2
2025-06-22 13:15:12,696 - INFO - [in d:\vs code\TN4_old\TN4\src\app.py:349] Checked device status: Online = 2, Offline = 0, Total = 2
2025-06-22 13:15:14,023 - INFO - [in d:\vs code\TN4_old\TN4\src\app.py:349] Checked device status: Online = 2, Offline = 0, Total = 2
2025-06-22 13:20:12,954 - INFO - [in d:\vs code\TN4_old\TN4\src\app.py:349] Checked device status: Online = 2, Offline = 0, Total = 2
2025-06-22 13:20:14,043 - INFO - [in d:\vs code\TN4_old\TN4\src\app.py:349] Checked device status: Online = 2, Offline = 0, Total = 2
2025-06-22 13:25:12,961 - INFO - [in d:\vs code\TN4_old\TN4\src\app.py:349] Checked device status: Online = 2, Offline = 0, Total = 2
2025-06-22 13:25:14,058 - INFO - [in d:\vs code\TN4_old\TN4\src\app.py:349] Checked device status: Online = 2, Offline = 0, Total = 2
2025-06-22 13:30:13,232 - INFO - [in d:\vs code\TN4_old\TN4\src\app.py:349] Checked device status: Online = 2, Offline = 0, Total = 2
2025-06-22 13:30:14,080 - INFO - [in d:\vs code\TN4_old\TN4\src\app.py:349] Checked device status: Online = 2, Offline = 0, Total = 2
2025-06-22 13:35:13,254 - INFO - [in d:\vs code\TN4_old\TN4\src\app.py:349] Checked device status: Online = 2, Offline = 0, Total = 2
2025-06-22 13:35:14,102 - INFO - [in d:\vs code\TN4_old\TN4\src\app.py:349] Checked device status: Online = 2, Offline = 0, Total = 2
2025-06-22 13:40:13,398 - INFO - [in d:\vs code\TN4_old\TN4\src\app.py:349] Checked device status: Online = 2, Offline = 0, Total = 2
2025-06-22 13:40:14,131 - INFO - [in d:\vs code\TN4_old\TN4\src\app.py:349] Checked device status: Online = 2, Offline = 0, Total = 2
2025-06-22 13:45:13,409 - INFO - [in d:\vs code\TN4_old\TN4\src\app.py:349] Checked device status: Online = 2, Offline = 0, Total = 2
2025-06-22 13:45:14,148 - INFO - [in d:\vs code\TN4_old\TN4\src\app.py:349] Checked device status: Online = 2, Offline = 0, Total = 2
2025-06-22 13:50:13,669 - INFO - [in d:\vs code\TN4_old\TN4\src\app.py:349] Checked device status: Online = 2, Offline = 0, Total = 2
2025-06-22 13:50:14,161 - INFO - [in d:\vs code\TN4_old\TN4\src\app.py:349] Checked device status: Online = 2, Offline = 0, Total = 2
2025-06-22 13:55:13,680 - INFO - [in d:\vs code\TN4_old\TN4\src\app.py:349] Checked device status: Online = 2, Offline = 0, Total = 2
2025-06-22 13:55:14,209 - INFO - [in d:\vs code\TN4_old\TN4\src\app.py:349] Checked device status: Online = 2, Offline = 0, Total = 2
2025-06-22 14:00:15,679 - INFO - [in d:\vs code\TN4_old\TN4\src\app.py:349] Checked device status: Online = 0, Offline = 2, Total = 2
2025-06-22 14:00:16,229 - INFO - [in d:\vs code\TN4_old\TN4\src\app.py:349] Checked device status: Online = 0, Offline = 2, Total = 2
2025-06-22 14:05:15,682 - INFO - [in d:\vs code\TN4_old\TN4\src\app.py:349] Checked device status: Online = 2, Offline = 0, Total = 2
2025-06-22 14:05:16,230 - INFO - [in d:\vs code\TN4_old\TN4\src\app.py:349] Checked device status: Online = 2, Offline = 0, Total = 2
2025-06-22 14:10:15,691 - INFO - [in d:\vs code\TN4_old\TN4\src\app.py:349] Checked device status: Online = 2, Offline = 0, Total = 2
2025-06-22 14:10:16,246 - INFO - [in d:\vs code\TN4_old\TN4\src\app.py:349] Checked device status: Online = 2, Offline = 0, Total = 2
2025-06-22 14:15:15,708 - INFO - [in d:\vs code\TN4_old\TN4\src\app.py:349] Checked device status: Online = 2, Offline = 0, Total = 2
2025-06-22 14:15:16,271 - INFO - [in d:\vs code\TN4_old\TN4\src\app.py:349] Checked device status: Online = 2, Offline = 0, Total = 2
2025-06-22 14:20:16,018 - INFO - [in d:\vs code\TN4_old\TN4\src\app.py:349] Checked device status: Online = 2, Offline = 0, Total = 2
2025-06-22 14:20:16,291 - INFO - [in d:\vs code\TN4_old\TN4\src\app.py:349] Checked device status: Online = 2, Offline = 0, Total = 2
2025-06-22 14:25:16,028 - INFO - [in d:\vs code\TN4_old\TN4\src\app.py:349] Checked device status: Online = 2, Offline = 0, Total = 2
2025-06-22 14:25:16,312 - INFO - [in d:\vs code\TN4_old\TN4\src\app.py:349] Checked device status: Online = 2, Offline = 0, Total = 2
2025-06-22 14:30:16,290 - INFO - [in d:\vs code\TN4_old\TN4\src\app.py:349] Checked device status: Online = 2, Offline = 0, Total = 2
2025-06-22 14:30:16,318 - INFO - [in d:\vs code\TN4_old\TN4\src\app.py:349] Checked device status: Online = 2, Offline = 0, Total = 2
2025-06-22 14:35:16,289 - INFO - [in d:\vs code\TN4_old\TN4\src\app.py:349] Checked device status: Online = 2, Offline = 0, Total = 2
2025-06-22 14:35:16,331 - INFO - [in d:\vs code\TN4_old\TN4\src\app.py:349] Checked device status: Online = 2, Offline = 0, Total = 2
2025-06-22 14:40:16,357 - INFO - [in d:\vs code\TN4_old\TN4\src\app.py:349] Checked device status: Online = 2, Offline = 0, Total = 2
2025-06-22 14:40:17,292 - INFO - [in d:\vs code\TN4_old\TN4\src\app.py:349] Checked device status: Online = 1, Offline = 1, Total = 2
2025-06-22 14:45:16,379 - INFO - [in d:\vs code\TN4_old\TN4\src\app.py:349] Checked device status: Online = 2, Offline = 0, Total = 2
2025-06-22 14:45:17,337 - INFO - [in d:\vs code\TN4_old\TN4\src\app.py:349] Checked device status: Online = 2, Offline = 0, Total = 2
2025-06-22 14:50:16,631 - INFO - [in d:\vs code\TN4_old\TN4\src\app.py:349] Checked device status: Online = 2, Offline = 0, Total = 2
2025-06-22 14:50:17,349 - INFO - [in d:\vs code\TN4_old\TN4\src\app.py:349] Checked device status: Online = 2, Offline = 0, Total = 2
2025-06-22 14:55:16,655 - INFO - [in d:\vs code\TN4_old\TN4\src\app.py:349] Checked device status: Online = 2, Offline = 0, Total = 2
2025-06-22 14:55:17,353 - INFO - [in d:\vs code\TN4_old\TN4\src\app.py:349] Checked device status: Online = 2, Offline = 0, Total = 2
2025-06-22 15:00:16,902 - INFO - [in d:\vs code\TN4_old\TN4\src\app.py:349] Checked device status: Online = 2, Offline = 0, Total = 2
2025-06-22 15:00:17,366 - INFO - [in d:\vs code\TN4_old\TN4\src\app.py:349] Checked device status: Online = 2, Offline = 0, Total = 2
2025-06-22 15:05:16,927 - INFO - [in d:\vs code\TN4_old\TN4\src\app.py:349] Checked device status: Online = 2, Offline = 0, Total = 2
2025-06-22 15:05:17,374 - INFO - [in d:\vs code\TN4_old\TN4\src\app.py:349] Checked device status: Online = 2, Offline = 0, Total = 2
2025-06-22 15:10:17,175 - INFO - [in d:\vs code\TN4_old\TN4\src\app.py:349] Checked device status: Online = 2, Offline = 0, Total = 2
2025-06-22 15:10:17,386 - INFO - [in d:\vs code\TN4_old\TN4\src\app.py:349] Checked device status: Online = 2, Offline = 0, Total = 2
2025-06-22 15:15:17,208 - INFO - [in d:\vs code\TN4_old\TN4\src\app.py:349] Checked device status: Online = 2, Offline = 0, Total = 2
2025-06-22 15:15:17,395 - INFO - [in d:\vs code\TN4_old\TN4\src\app.py:349] Checked device status: Online = 2, Offline = 0, Total = 2
2025-06-22 15:20:17,443 - INFO - [in d:\vs code\TN4_old\TN4\src\app.py:349] Checked device status: Online = 2, Offline = 0, Total = 2
2025-06-22 15:20:18,213 - INFO - [in d:\vs code\TN4_old\TN4\src\app.py:349] Checked device status: Online = 1, Offline = 1, Total = 2
2025-06-22 15:25:17,453 - INFO - [in d:\vs code\TN4_old\TN4\src\app.py:349] Checked device status: Online = 2, Offline = 0, Total = 2
2025-06-22 15:25:18,212 - INFO - [in d:\vs code\TN4_old\TN4\src\app.py:349] Checked device status: Online = 2, Offline = 0, Total = 2
2025-06-22 15:30:17,714 - INFO - [in d:\vs code\TN4_old\TN4\src\app.py:349] Checked device status: Online = 2, Offline = 0, Total = 2
2025-06-22 15:30:18,215 - INFO - [in d:\vs code\TN4_old\TN4\src\app.py:349] Checked device status: Online = 2, Offline = 0, Total = 2
2025-06-22 15:35:17,711 - INFO - [in d:\vs code\TN4_old\TN4\src\app.py:349] Checked device status: Online = 2, Offline = 0, Total = 2
2025-06-22 15:35:18,248 - INFO - [in d:\vs code\TN4_old\TN4\src\app.py:349] Checked device status: Online = 2, Offline = 0, Total = 2
2025-06-22 15:40:17,881 - INFO - [in d:\vs code\TN4_old\TN4\src\app.py:349] Checked device status: Online = 2, Offline = 0, Total = 2
2025-06-22 15:40:18,288 - INFO - [in d:\vs code\TN4_old\TN4\src\app.py:349] Checked device status: Online = 2, Offline = 0, Total = 2
2025-06-22 15:45:17,890 - INFO - [in d:\vs code\TN4_old\TN4\src\app.py:349] Checked device status: Online = 2, Offline = 0, Total = 2
2025-06-22 15:45:18,295 - INFO - [in d:\vs code\TN4_old\TN4\src\app.py:349] Checked device status: Online = 2, Offline = 0, Total = 2
2025-06-22 15:50:18,156 - INFO - [in d:\vs code\TN4_old\TN4\src\app.py:349] Checked device status: Online = 2, Offline = 0, Total = 2
2025-06-22 15:50:18,328 - INFO - [in d:\vs code\TN4_old\TN4\src\app.py:349] Checked device status: Online = 2, Offline = 0, Total = 2
2025-06-22 15:55:18,180 - INFO - [in d:\vs code\TN4_old\TN4\src\app.py:349] Checked device status: Online = 2, Offline = 0, Total = 2
2025-06-22 15:55:18,352 - INFO - [in d:\vs code\TN4_old\TN4\src\app.py:349] Checked device status: Online = 2, Offline = 0, Total = 2
2025-06-22 16:00:18,423 - INFO - [in d:\vs code\TN4_old\TN4\src\app.py:349] Checked device status: Online = 2, Offline = 0, Total = 2
2025-06-22 16:00:19,185 - INFO - [in d:\vs code\TN4_old\TN4\src\app.py:349] Checked device status: Online = 1, Offline = 1, Total = 2
2025-06-22 16:05:18,447 - INFO - [in d:\vs code\TN4_old\TN4\src\app.py:349] Checked device status: Online = 2, Offline = 0, Total = 2
2025-06-22 16:05:19,198 - INFO - [in d:\vs code\TN4_old\TN4\src\app.py:349] Checked device status: Online = 2, Offline = 0, Total = 2
2025-06-22 16:10:18,702 - INFO - [in d:\vs code\TN4_old\TN4\src\app.py:349] Checked device status: Online = 2, Offline = 0, Total = 2
2025-06-22 16:10:19,202 - INFO - [in d:\vs code\TN4_old\TN4\src\app.py:349] Checked device status: Online = 2, Offline = 0, Total = 2
2025-06-22 16:15:18,724 - INFO - [in d:\vs code\TN4_old\TN4\src\app.py:349] Checked device status: Online = 2, Offline = 0, Total = 2
2025-06-22 16:15:19,217 - INFO - [in d:\vs code\TN4_old\TN4\src\app.py:349] Checked device status: Online = 2, Offline = 0, Total = 2
2025-06-22 16:20:18,965 - INFO - [in d:\vs code\TN4_old\TN4\src\app.py:349] Checked device status: Online = 2, Offline = 0, Total = 2
2025-06-22 16:20:19,233 - INFO - [in d:\vs code\TN4_old\TN4\src\app.py:349] Checked device status: Online = 2, Offline = 0, Total = 2
2025-06-22 16:25:18,953 - INFO - [in d:\vs code\TN4_old\TN4\src\app.py:349] Checked device status: Online = 2, Offline = 0, Total = 2
2025-06-22 16:25:19,216 - INFO - [in d:\vs code\TN4_old\TN4\src\app.py:349] Checked device status: Online = 2, Offline = 0, Total = 2
2025-06-22 16:30:19,166 - INFO - [in d:\vs code\TN4_old\TN4\src\app.py:349] Checked device status: Online = 2, Offline = 0, Total = 2
2025-06-22 16:30:19,188 - INFO - [in d:\vs code\TN4_old\TN4\src\app.py:349] Checked device status: Online = 2, Offline = 0, Total = 2
2025-06-22 16:35:19,151 - INFO - [in d:\vs code\TN4_old\TN4\src\app.py:349] Checked device status: Online = 2, Offline = 0, Total = 2
2025-06-22 16:40:19,259 - INFO - [in d:\vs code\TN4_old\TN4\src\app.py:349] Checked device status: Online = 2, Offline = 0, Total = 2
2025-06-22 16:40:20,113 - INFO - [in d:\vs code\TN4_old\TN4\src\app.py:349] Checked device status: Online = 1, Offline = 1, Total = 2
2025-06-22 16:45:19,243 - INFO - [in d:\vs code\TN4_old\TN4\src\app.py:349] Checked device status: Online = 2, Offline = 0, Total = 2
2025-06-22 16:45:20,099 - INFO - [in d:\vs code\TN4_old\TN4\src\app.py:349] Checked device status: Online = 2, Offline = 0, Total = 2
2025-06-22 16:50:19,447 - INFO - [in d:\vs code\TN4_old\TN4\src\app.py:349] Checked device status: Online = 2, Offline = 0, Total = 2
2025-06-22 16:50:20,071 - INFO - [in d:\vs code\TN4_old\TN4\src\app.py:349] Checked device status: Online = 2, Offline = 0, Total = 2
2025-06-22 16:55:19,434 - INFO - [in d:\vs code\TN4_old\TN4\src\app.py:349] Checked device status: Online = 2, Offline = 0, Total = 2
2025-06-22 16:55:20,049 - INFO - [in d:\vs code\TN4_old\TN4\src\app.py:349] Checked device status: Online = 2, Offline = 0, Total = 2
2025-06-22 17:00:19,657 - INFO - [in d:\vs code\TN4_old\TN4\src\app.py:349] Checked device status: Online = 2, Offline = 0, Total = 2
2025-06-22 17:00:20,031 - INFO - [in d:\vs code\TN4_old\TN4\src\app.py:349] Checked device status: Online = 2, Offline = 0, Total = 2
2025-06-22 17:05:19,708 - INFO - [in d:\vs code\TN4_old\TN4\src\app.py:349] Checked device status: Online = 2, Offline = 0, Total = 2
2025-06-22 17:05:20,008 - INFO - [in d:\vs code\TN4_old\TN4\src\app.py:349] Checked device status: Online = 2, Offline = 0, Total = 2
2025-06-22 17:10:19,880 - INFO - [in d:\vs code\TN4_old\TN4\src\app.py:349] Checked device status: Online = 2, Offline = 0, Total = 2
2025-06-22 17:10:20,011 - INFO - [in d:\vs code\TN4_old\TN4\src\app.py:349] Checked device status: Online = 2, Offline = 0, Total = 2
2025-06-22 17:15:19,876 - INFO - [in d:\vs code\TN4_old\TN4\src\app.py:349] Checked device status: Online = 2, Offline = 0, Total = 2
2025-06-22 17:15:20,026 - INFO - [in d:\vs code\TN4_old\TN4\src\app.py:349] Checked device status: Online = 2, Offline = 0, Total = 2
2025-06-22 17:20:21,882 - INFO - [in d:\vs code\TN4_old\TN4\src\app.py:349] Checked device status: Online = 0, Offline = 2, Total = 2
2025-06-22 17:20:22,009 - INFO - [in d:\vs code\TN4_old\TN4\src\app.py:349] Checked device status: Online = 0, Offline = 2, Total = 2
2025-06-22 17:25:21,915 - INFO - [in d:\vs code\TN4_old\TN4\src\app.py:349] Checked device status: Online = 2, Offline = 0, Total = 2
2025-06-22 17:25:22,063 - INFO - [in d:\vs code\TN4_old\TN4\src\app.py:349] Checked device status: Online = 2, Offline = 0, Total = 2
2025-06-22 17:30:21,915 - INFO - [in d:\vs code\TN4_old\TN4\src\app.py:349] Checked device status: Online = 2, Offline = 0, Total = 2
2025-06-22 17:30:22,043 - INFO - [in d:\vs code\TN4_old\TN4\src\app.py:349] Checked device status: Online = 2, Offline = 0, Total = 2
2025-06-22 17:35:21,935 - INFO - [in d:\vs code\TN4_old\TN4\src\app.py:349] Checked device status: Online = 2, Offline = 0, Total = 2
2025-06-22 17:35:22,044 - INFO - [in d:\vs code\TN4_old\TN4\src\app.py:349] Checked device status: Online = 2, Offline = 0, Total = 2
2025-06-22 17:40:22,133 - INFO - [in d:\vs code\TN4_old\TN4\src\app.py:349] Checked device status: Online = 2, Offline = 0, Total = 2
2025-06-22 17:40:22,949 - INFO - [in d:\vs code\TN4_old\TN4\src\app.py:349] Checked device status: Online = 2, Offline = 0, Total = 2
2025-06-22 17:45:22,146 - INFO - [in d:\vs code\TN4_old\TN4\src\app.py:349] Checked device status: Online = 2, Offline = 0, Total = 2
2025-06-22 17:45:22,991 - INFO - [in d:\vs code\TN4_old\TN4\src\app.py:349] Checked device status: Online = 2, Offline = 0, Total = 2
2025-06-22 17:50:22,387 - INFO - [in d:\vs code\TN4_old\TN4\src\app.py:349] Checked device status: Online = 2, Offline = 0, Total = 2
2025-06-22 17:50:23,005 - INFO - [in d:\vs code\TN4_old\TN4\src\app.py:349] Checked device status: Online = 2, Offline = 0, Total = 2
2025-06-22 17:55:22,396 - INFO - [in d:\vs code\TN4_old\TN4\src\app.py:349] Checked device status: Online = 2, Offline = 0, Total = 2
2025-06-22 17:55:23,011 - INFO - [in d:\vs code\TN4_old\TN4\src\app.py:349] Checked device status: Online = 2, Offline = 0, Total = 2
2025-06-22 18:00:22,627 - INFO - [in d:\vs code\TN4_old\TN4\src\app.py:349] Checked device status: Online = 2, Offline = 0, Total = 2
2025-06-22 18:00:23,027 - INFO - [in d:\vs code\TN4_old\TN4\src\app.py:349] Checked device status: Online = 2, Offline = 0, Total = 2
2025-06-22 18:05:22,635 - INFO - [in d:\vs code\TN4_old\TN4\src\app.py:349] Checked device status: Online = 2, Offline = 0, Total = 2
2025-06-22 18:05:23,016 - INFO - [in d:\vs code\TN4_old\TN4\src\app.py:349] Checked device status: Online = 2, Offline = 0, Total = 2
2025-06-22 18:10:22,886 - INFO - [in d:\vs code\TN4_old\TN4\src\app.py:349] Checked device status: Online = 2, Offline = 0, Total = 2
2025-06-22 18:10:23,023 - INFO - [in d:\vs code\TN4_old\TN4\src\app.py:349] Checked device status: Online = 2, Offline = 0, Total = 2
2025-06-22 18:15:22,886 - INFO - [in d:\vs code\TN4_old\TN4\src\app.py:349] Checked device status: Online = 2, Offline = 0, Total = 2
2025-06-22 18:15:23,039 - INFO - [in d:\vs code\TN4_old\TN4\src\app.py:349] Checked device status: Online = 2, Offline = 0, Total = 2
2025-06-22 18:20:23,144 - INFO - [in d:\vs code\TN4_old\TN4\src\app.py:349] Checked device status: Online = 2, Offline = 0, Total = 2
2025-06-22 18:20:23,886 - INFO - [in d:\vs code\TN4_old\TN4\src\app.py:349] Checked device status: Online = 1, Offline = 1, Total = 2
2025-06-22 18:25:23,168 - INFO - [in d:\vs code\TN4_old\TN4\src\app.py:349] Checked device status: Online = 2, Offline = 0, Total = 2
2025-06-22 18:25:23,887 - INFO - [in d:\vs code\TN4_old\TN4\src\app.py:349] Checked device status: Online = 2, Offline = 0, Total = 2
2025-06-22 18:30:23,410 - INFO - [in d:\vs code\TN4_old\TN4\src\app.py:349] Checked device status: Online = 2, Offline = 0, Total = 2
2025-06-22 18:30:23,929 - INFO - [in d:\vs code\TN4_old\TN4\src\app.py:349] Checked device status: Online = 2, Offline = 0, Total = 2
2025-06-22 18:35:23,425 - INFO - [in d:\vs code\TN4_old\TN4\src\app.py:349] Checked device status: Online = 2, Offline = 0, Total = 2
2025-06-22 18:35:23,949 - INFO - [in d:\vs code\TN4_old\TN4\src\app.py:349] Checked device status: Online = 2, Offline = 0, Total = 2
2025-06-22 18:40:23,595 - INFO - [in d:\vs code\TN4_old\TN4\src\app.py:349] Checked device status: Online = 2, Offline = 0, Total = 2
2025-06-22 18:40:23,966 - INFO - [in d:\vs code\TN4_old\TN4\src\app.py:349] Checked device status: Online = 2, Offline = 0, Total = 2
2025-06-22 18:45:23,677 - INFO - [in d:\vs code\TN4_old\TN4\src\app.py:349] Checked device status: Online = 2, Offline = 0, Total = 2
2025-06-22 18:45:24,008 - INFO - [in d:\vs code\TN4_old\TN4\src\app.py:349] Checked device status: Online = 2, Offline = 0, Total = 2
2025-06-22 18:50:23,805 - INFO - [in d:\vs code\TN4_old\TN4\src\app.py:349] Checked device status: Online = 2, Offline = 0, Total = 2
2025-06-22 18:50:24,081 - INFO - [in d:\vs code\TN4_old\TN4\src\app.py:349] Checked device status: Online = 2, Offline = 0, Total = 2
2025-06-22 18:55:24,128 - INFO - [in d:\vs code\TN4_old\TN4\src\app.py:349] Checked device status: Online = 2, Offline = 0, Total = 2
2025-06-22 19:00:24,471 - INFO - [in d:\vs code\TN4_old\TN4\src\app.py:349] Checked device status: Online = 2, Offline = 0, Total = 2
2025-06-22 19:00:25,204 - INFO - [in d:\vs code\TN4_old\TN4\src\app.py:349] Checked device status: Online = 1, Offline = 1, Total = 2
2025-06-22 19:05:24,488 - INFO - [in d:\vs code\TN4_old\TN4\src\app.py:349] Checked device status: Online = 2, Offline = 0, Total = 2
2025-06-22 19:05:25,207 - INFO - [in d:\vs code\TN4_old\TN4\src\app.py:349] Checked device status: Online = 2, Offline = 0, Total = 2
2025-06-22 19:10:25,688 - INFO - [in d:\vs code\TN4_old\TN4\src\app.py:349] Checked device status: Online = 1, Offline = 1, Total = 2
2025-06-22 19:10:25,688 - INFO - [in d:\vs code\TN4_old\TN4\src\app.py:349] Checked device status: Online = 2, Offline = 0, Total = 2
2025-06-22 19:15:25,727 - INFO - [in d:\vs code\TN4_old\TN4\src\app.py:349] Checked device status: Online = 2, Offline = 0, Total = 2
2025-06-22 19:15:25,727 - INFO - [in d:\vs code\TN4_old\TN4\src\app.py:349] Checked device status: Online = 2, Offline = 0, Total = 2
2025-06-22 19:20:25,731 - INFO - [in d:\vs code\TN4_old\TN4\src\app.py:349] Checked device status: Online = 2, Offline = 0, Total = 2
2025-06-22 19:20:25,763 - INFO - [in d:\vs code\TN4_old\TN4\src\app.py:349] Checked device status: Online = 2, Offline = 0, Total = 2
2025-06-22 19:25:27,728 - INFO - [in d:\vs code\TN4_old\TN4\src\app.py:349] Checked device status: Online = 0, Offline = 2, Total = 2
2025-06-22 19:25:27,775 - INFO - [in d:\vs code\TN4_old\TN4\src\app.py:349] Checked device status: Online = 0, Offline = 2, Total = 2
2025-06-22 19:30:27,742 - INFO - [in d:\vs code\TN4_old\TN4\src\app.py:349] Checked device status: Online = 2, Offline = 0, Total = 2
2025-06-22 19:30:27,786 - INFO - [in d:\vs code\TN4_old\TN4\src\app.py:349] Checked device status: Online = 2, Offline = 0, Total = 2
2025-06-22 19:35:27,751 - INFO - [in d:\vs code\TN4_old\TN4\src\app.py:349] Checked device status: Online = 2, Offline = 0, Total = 2
2025-06-22 19:35:27,815 - INFO - [in d:\vs code\TN4_old\TN4\src\app.py:349] Checked device status: Online = 2, Offline = 0, Total = 2
2025-06-22 19:40:27,757 - INFO - [in d:\vs code\TN4_old\TN4\src\app.py:349] Checked device status: Online = 2, Offline = 0, Total = 2
2025-06-22 19:40:27,834 - INFO - [in d:\vs code\TN4_old\TN4\src\app.py:349] Checked device status: Online = 2, Offline = 0, Total = 2
2025-06-22 19:45:27,774 - INFO - [in d:\vs code\TN4_old\TN4\src\app.py:349] Checked device status: Online = 2, Offline = 0, Total = 2
2025-06-22 19:45:27,853 - INFO - [in d:\vs code\TN4_old\TN4\src\app.py:349] Checked device status: Online = 2, Offline = 0, Total = 2
2025-06-22 19:50:27,782 - INFO - [in d:\vs code\TN4_old\TN4\src\app.py:349] Checked device status: Online = 2, Offline = 0, Total = 2
2025-06-22 19:50:27,860 - INFO - [in d:\vs code\TN4_old\TN4\src\app.py:349] Checked device status: Online = 2, Offline = 0, Total = 2
2025-06-22 19:55:27,786 - INFO - [in d:\vs code\TN4_old\TN4\src\app.py:349] Checked device status: Online = 2, Offline = 0, Total = 2
2025-06-22 19:55:27,876 - INFO - [in d:\vs code\TN4_old\TN4\src\app.py:349] Checked device status: Online = 2, Offline = 0, Total = 2
2025-06-22 20:00:27,822 - INFO - [in d:\vs code\TN4_old\TN4\src\app.py:349] Checked device status: Online = 2, Offline = 0, Total = 2
2025-06-22 20:00:27,917 - INFO - [in d:\vs code\TN4_old\TN4\src\app.py:349] Checked device status: Online = 2, Offline = 0, Total = 2
2025-06-22 20:05:27,833 - INFO - [in d:\vs code\TN4_old\TN4\src\app.py:349] Checked device status: Online = 2, Offline = 0, Total = 2
2025-06-22 20:05:27,920 - INFO - [in d:\vs code\TN4_old\TN4\src\app.py:349] Checked device status: Online = 2, Offline = 0, Total = 2
2025-06-22 20:10:28,004 - INFO - [in d:\vs code\TN4_old\TN4\src\app.py:349] Checked device status: Online = 2, Offline = 0, Total = 2
2025-06-22 20:10:28,844 - INFO - [in d:\vs code\TN4_old\TN4\src\app.py:349] Checked device status: Online = 1, Offline = 1, Total = 2
2025-06-22 20:11:18,069 - INFO - [in d:\vs code\TN4_old\TN4\src\app.py:108] Start: GF-CICO
2025-06-22 20:11:18,244 - INFO - [in d:\vs code\TN4_old\TN4\src\app.py:349] Checked device status: Online = 2, Offline = 0, Total = 2
2025-06-22 20:11:18,254 - INFO - [in d:\vs code\TN4_old\TN4\src\app.py:59] Client connected. Total: 1
2025-06-22 20:15:28,862 - INFO - [in d:\vs code\TN4_old\TN4\src\app.py:349] Checked device status: Online = 2, Offline = 0, Total = 2
2025-06-22 20:16:18,264 - INFO - [in d:\vs code\TN4_old\TN4\src\app.py:349] Checked device status: Online = 2, Offline = 0, Total = 2
2025-06-22 20:20:28,868 - INFO - [in d:\vs code\TN4_old\TN4\src\app.py:349] Checked device status: Online = 2, Offline = 0, Total = 2
2025-06-22 20:21:18,278 - INFO - [in d:\vs code\TN4_old\TN4\src\app.py:349] Checked device status: Online = 2, Offline = 0, Total = 2
2025-06-22 20:25:28,877 - INFO - [in d:\vs code\TN4_old\TN4\src\app.py:349] Checked device status: Online = 2, Offline = 0, Total = 2
2025-06-22 20:26:18,315 - INFO - [in d:\vs code\TN4_old\TN4\src\app.py:349] Checked device status: Online = 2, Offline = 0, Total = 2
2025-06-22 20:30:28,885 - INFO - [in d:\vs code\TN4_old\TN4\src\app.py:349] Checked device status: Online = 2, Offline = 0, Total = 2
2025-06-22 20:31:18,335 - INFO - [in d:\vs code\TN4_old\TN4\src\app.py:349] Checked device status: Online = 2, Offline = 0, Total = 2
2025-06-22 20:35:28,887 - INFO - [in d:\vs code\TN4_old\TN4\src\app.py:349] Checked device status: Online = 2, Offline = 0, Total = 2
2025-06-22 20:36:18,345 - INFO - [in d:\vs code\TN4_old\TN4\src\app.py:349] Checked device status: Online = 2, Offline = 0, Total = 2
2025-06-22 20:37:47,159 - INFO - [in d:\vs code\TN4_old\TN4\src\app.py:110] Start: GF-CICO
2025-06-22 20:37:47,248 - INFO - [in d:\vs code\TN4_old\TN4\src\app.py:351] Checked device status: Online = 2, Offline = 0, Total = 2
2025-06-22 20:37:47,555 - INFO - [in d:\vs code\TN4_old\TN4\src\app.py:59] Client connected. Total: 1
2025-06-22 20:40:28,911 - INFO - [in d:\vs code\TN4_old\TN4\src\app.py:349] Checked device status: Online = 2, Offline = 0, Total = 2
2025-06-22 20:42:47,589 - INFO - [in d:\vs code\TN4_old\TN4\src\app.py:351] Checked device status: Online = 2, Offline = 0, Total = 2
2025-06-22 20:45:28,912 - INFO - [in d:\vs code\TN4_old\TN4\src\app.py:349] Checked device status: Online = 2, Offline = 0, Total = 2
2025-06-22 20:47:47,608 - INFO - [in d:\vs code\TN4_old\TN4\src\app.py:351] Checked device status: Online = 2, Offline = 0, Total = 2
2025-06-22 20:50:28,922 - INFO - [in d:\vs code\TN4_old\TN4\src\app.py:349] Checked device status: Online = 2, Offline = 0, Total = 2
2025-06-22 20:52:47,622 - INFO - [in d:\vs code\TN4_old\TN4\src\app.py:351] Checked device status: Online = 2, Offline = 0, Total = 2
2025-06-22 20:55:28,925 - INFO - [in d:\vs code\TN4_old\TN4\src\app.py:349] Checked device status: Online = 2, Offline = 0, Total = 2
2025-06-22 20:57:47,643 - INFO - [in d:\vs code\TN4_old\TN4\src\app.py:351] Checked device status: Online = 2, Offline = 0, Total = 2
2025-06-22 21:00:29,251 - INFO - [in d:\vs code\TN4_old\TN4\src\app.py:349] Checked device status: Online = 2, Offline = 0, Total = 2
2025-06-22 21:02:47,664 - INFO - [in d:\vs code\TN4_old\TN4\src\app.py:351] Checked device status: Online = 2, Offline = 0, Total = 2
2025-06-22 21:05:29,367 - INFO - [in d:\vs code\TN4_old\TN4\src\app.py:349] Checked device status: Online = 2, Offline = 0, Total = 2
2025-06-22 21:07:47,671 - INFO - [in d:\vs code\TN4_old\TN4\src\app.py:351] Checked device status: Online = 2, Offline = 0, Total = 2
2025-06-22 21:10:29,382 - INFO - [in d:\vs code\TN4_old\TN4\src\app.py:349] Checked device status: Online = 2, Offline = 0, Total = 2
2025-06-22 21:12:47,693 - INFO - [in d:\vs code\TN4_old\TN4\src\app.py:351] Checked device status: Online = 2, Offline = 0, Total = 2
2025-06-22 21:15:29,397 - INFO - [in d:\vs code\TN4_old\TN4\src\app.py:349] Checked device status: Online = 2, Offline = 0, Total = 2
2025-06-22 21:17:47,701 - INFO - [in d:\vs code\TN4_old\TN4\src\app.py:351] Checked device status: Online = 2, Offline = 0, Total = 2
2025-06-22 21:20:29,481 - INFO - [in d:\vs code\TN4_old\TN4\src\app.py:349] Checked device status: Online = 2, Offline = 0, Total = 2
2025-06-22 21:22:47,725 - INFO - [in d:\vs code\TN4_old\TN4\src\app.py:351] Checked device status: Online = 2, Offline = 0, Total = 2
2025-06-22 21:25:29,499 - INFO - [in d:\vs code\TN4_old\TN4\src\app.py:349] Checked device status: Online = 2, Offline = 0, Total = 2
2025-06-22 21:27:47,742 - INFO - [in d:\vs code\TN4_old\TN4\src\app.py:351] Checked device status: Online = 2, Offline = 0, Total = 2
